0	1	mikroCARM.exe -MSF -DBG -pSTM32F100VE -BIN -LHF -DL -SSA -O11111114 -fo8 -N"D:\job\Project_silos\mcprogramm\STM32F100VE\MyProject.mcpar" -SP"C:\Users\Public\Documents\Mikroelektronika\mikroC PRO for ARM\Defs\" -SP"C:\Users\Public\Documents\Mikroelektronika\mikroC PRO for ARM\Uses\ST M3\" -SP"D:\job\Project_silos\mcprogramm\STM32F100VE\" -IP"C:\Users\Public\Documents\Mikroelektronika\mikroC PRO for ARM\Uses\ST M3\" "MyProject.c" "__Lib_Math.emcl" "__Lib_MathDouble.emcl" "__Lib_Delays.emcl" "__Lib_System_100.emcl" "__Lib_GPIO_32F10x_Defs.emcl" "__Lib_GPIO_32F10x.emcl" "__Lib_UART_123_45.emcl"	 
hint: 2	1354	 warning: No space between macro name "GPIOA_ODR" and repl-text     #define GPIOA_ODR.B0 _buttonSTOP     from D:/job/Project_silos/mcprogramm/STM32F100VE/MyProject.c: 1:    #include "Digital.h"	d:\job\project_silos\mcprogramm\stm32f100ve\digital.h
hint: 3	1354	 warning: No space between macro name "GPIOA_ODR" and repl-text     #define GPIOA_ODR.B1 _buttonM1     from D:/job/Project_silos/mcprogramm/STM32F100VE/MyProject.c: 1:    #include "Digital.h"	d:\job\project_silos\mcprogramm\stm32f100ve\digital.h
hint: 3	1354	 warning: The macro is redefined     #define GPIOA_ODR.B1 _buttonM1     from D:/job/Project_silos/mcprogramm/STM32F100VE/MyProject.c: 1:    #include "Digital.h"     previously macro "GPIOA_ODR" defined as: #define GPIOA_ODR  .B0 _buttonSTOP 	d:\job\project_silos\mcprogramm\stm32f100ve\digital.h
hint: 4	1354	 warning: No space between macro name "GPIOA_ODR" and repl-text     #define GPIOA_ODR.B2 _buttonM2     from D:/job/Project_silos/mcprogramm/STM32F100VE/MyProject.c: 1:    #include "Digital.h"	d:\job\project_silos\mcprogramm\stm32f100ve\digital.h
hint: 4	1354	 warning: The macro is redefined     #define GPIOA_ODR.B2 _buttonM2     from D:/job/Project_silos/mcprogramm/STM32F100VE/MyProject.c: 1:    #include "Digital.h"     previously macro "GPIOA_ODR" defined as: #define GPIOA_ODR  .B1 _buttonM1 	d:\job\project_silos\mcprogramm\stm32f100ve\digital.h
hint: 5	1354	 warning: No space between macro name "GPIOA_ODR" and repl-text     #define GPIOA_ODR.B3 _buttonM3     from D:/job/Project_silos/mcprogramm/STM32F100VE/MyProject.c: 1:    #include "Digital.h"	d:\job\project_silos\mcprogramm\stm32f100ve\digital.h
hint: 5	1354	 warning: The macro is redefined     #define GPIOA_ODR.B3 _buttonM3     from D:/job/Project_silos/mcprogramm/STM32F100VE/MyProject.c: 1:    #include "Digital.h"     previously macro "GPIOA_ODR" defined as: #define GPIOA_ODR  .B2 _buttonM2 	d:\job\project_silos\mcprogramm\stm32f100ve\digital.h
hint: 6	1354	 warning: No space between macro name "GPIOA_ODR" and repl-text     #define GPIOA_ODR.B4 _buttonM4     from D:/job/Project_silos/mcprogramm/STM32F100VE/MyProject.c: 1:    #include "Digital.h"	d:\job\project_silos\mcprogramm\stm32f100ve\digital.h
hint: 6	1354	 warning: The macro is redefined     #define GPIOA_ODR.B4 _buttonM4     from D:/job/Project_silos/mcprogramm/STM32F100VE/MyProject.c: 1:    #include "Digital.h"     previously macro "GPIOA_ODR" defined as: #define GPIOA_ODR  .B3 _buttonM3 	d:\job\project_silos\mcprogramm\stm32f100ve\digital.h
hint: 7	1354	 warning: No space between macro name "GPIOA_ODR" and repl-text     #define GPIOA_ODR.B5 _buttonM5     from D:/job/Project_silos/mcprogramm/STM32F100VE/MyProject.c: 1:    #include "Digital.h"	d:\job\project_silos\mcprogramm\stm32f100ve\digital.h
hint: 7	1354	 warning: The macro is redefined     #define GPIOA_ODR.B5 _buttonM5     from D:/job/Project_silos/mcprogramm/STM32F100VE/MyProject.c: 1:    #include "Digital.h"     previously macro "GPIOA_ODR" defined as: #define GPIOA_ODR  .B4 _buttonM4 	d:\job\project_silos\mcprogramm\stm32f100ve\digital.h
hint: 8	1354	 warning: No space between macro name "GPIOA_ODR" and repl-text     #define GPIOA_ODR.B6 _buttonM6     from D:/job/Project_silos/mcprogramm/STM32F100VE/MyProject.c: 1:    #include "Digital.h"	d:\job\project_silos\mcprogramm\stm32f100ve\digital.h
hint: 8	1354	 warning: The macro is redefined     #define GPIOA_ODR.B6 _buttonM6     from D:/job/Project_silos/mcprogramm/STM32F100VE/MyProject.c: 1:    #include "Digital.h"     previously macro "GPIOA_ODR" defined as: #define GPIOA_ODR  .B5 _buttonM5 	d:\job\project_silos\mcprogramm\stm32f100ve\digital.h
hint: 9	1354	 warning: No space between macro name "GPIOA_ODR" and repl-text     #define GPIOA_ODR.B7 _buttonM7     from D:/job/Project_silos/mcprogramm/STM32F100VE/MyProject.c: 1:    #include "Digital.h"	d:\job\project_silos\mcprogramm\stm32f100ve\digital.h
hint: 9	1354	 warning: The macro is redefined     #define GPIOA_ODR.B7 _buttonM7     from D:/job/Project_silos/mcprogramm/STM32F100VE/MyProject.c: 1:    #include "Digital.h"     previously macro "GPIOA_ODR" defined as: #define GPIOA_ODR  .B6 _buttonM6 	d:\job\project_silos\mcprogramm\stm32f100ve\digital.h
hint: 10	1354	 warning: No space between macro name "GPIOA_ODR" and repl-text     #define GPIOA_ODR.B15 _buttonM8     from D:/job/Project_silos/mcprogramm/STM32F100VE/MyProject.c: 1:    #include "Digital.h"	d:\job\project_silos\mcprogramm\stm32f100ve\digital.h
hint: 10	1354	 warning: The macro is redefined     #define GPIOA_ODR.B15 _buttonM8     from D:/job/Project_silos/mcprogramm/STM32F100VE/MyProject.c: 1:    #include "Digital.h"     previously macro "GPIOA_ODR" defined as: #define GPIOA_ODR  .B7 _buttonM7 	d:\job\project_silos\mcprogramm\stm32f100ve\digital.h
hint: 12	1354	 warning: No space between macro name "GPIOB_ODR" and repl-text     #define GPIOB_ODR.B0 _buttonM9F     from D:/job/Project_silos/mcprogramm/STM32F100VE/MyProject.c: 1:    #include "Digital.h"	d:\job\project_silos\mcprogramm\stm32f100ve\digital.h
hint: 13	1354	 warning: No space between macro name "GPIOB_ODR" and repl-text     #define GPIOB_ODR.B1 _buttonM9R     from D:/job/Project_silos/mcprogramm/STM32F100VE/MyProject.c: 1:    #include "Digital.h"	d:\job\project_silos\mcprogramm\stm32f100ve\digital.h
hint: 13	1354	 warning: The macro is redefined     #define GPIOB_ODR.B1 _buttonM9R     from D:/job/Project_silos/mcprogramm/STM32F100VE/MyProject.c: 1:    #include "Digital.h"     previously macro "GPIOB_ODR" defined as: #define GPIOB_ODR  .B0 _buttonM9F 	d:\job\project_silos\mcprogramm\stm32f100ve\digital.h
hint: 14	1354	 warning: No space between macro name "GPIOB_ODR" and repl-text     #define GPIOB_ODR.B2 _buttonM10M11M12     from D:/job/Project_silos/mcprogramm/STM32F100VE/MyProject.c: 1:    #include "Digital.h"	d:\job\project_silos\mcprogramm\stm32f100ve\digital.h
hint: 14	1354	 warning: The macro is redefined     #define GPIOB_ODR.B2 _buttonM10M11M12     from D:/job/Project_silos/mcprogramm/STM32F100VE/MyProject.c: 1:    #include "Digital.h"     previously macro "GPIOB_ODR" defined as: #define GPIOB_ODR  .B1 _buttonM9R 	d:\job\project_silos\mcprogramm\stm32f100ve\digital.h
hint: 15	1354	 warning: No space between macro name "GPIOB_ODR" and repl-text     #define GPIOB_ODR.B3 _sUMM3     from D:/job/Project_silos/mcprogramm/STM32F100VE/MyProject.c: 1:    #include "Digital.h"	d:\job\project_silos\mcprogramm\stm32f100ve\digital.h
hint: 15	1354	 warning: The macro is redefined     #define GPIOB_ODR.B3 _sUMM3     from D:/job/Project_silos/mcprogramm/STM32F100VE/MyProject.c: 1:    #include "Digital.h"     previously macro "GPIOB_ODR" defined as: #define GPIOB_ODR  .B2 _buttonM10M11M12 	d:\job\project_silos\mcprogramm\stm32f100ve\digital.h
hint: 16	1354	 warning: No space between macro name "GPIOB_ODR" and repl-text     #define GPIOB_ODR.B4 _sUMM5     from D:/job/Project_silos/mcprogramm/STM32F100VE/MyProject.c: 1:    #include "Digital.h"	d:\job\project_silos\mcprogramm\stm32f100ve\digital.h
hint: 16	1354	 warning: The macro is redefined     #define GPIOB_ODR.B4 _sUMM5     from D:/job/Project_silos/mcprogramm/STM32F100VE/MyProject.c: 1:    #include "Digital.h"     previously macro "GPIOB_ODR" defined as: #define GPIOB_ODR  .B3 _sUMM3 	d:\job\project_silos\mcprogramm\stm32f100ve\digital.h
hint: 17	1354	 warning: No space between macro name "GPIOB_ODR" and repl-text     #define GPIOB_ODR.B5 _sUMM6     from D:/job/Project_silos/mcprogramm/STM32F100VE/MyProject.c: 1:    #include "Digital.h"	d:\job\project_silos\mcprogramm\stm32f100ve\digital.h
hint: 17	1354	 warning: The macro is redefined     #define GPIOB_ODR.B5 _sUMM6     from D:/job/Project_silos/mcprogramm/STM32F100VE/MyProject.c: 1:    #include "Digital.h"     previously macro "GPIOB_ODR" defined as: #define GPIOB_ODR  .B4 _sUMM5 	d:\job\project_silos\mcprogramm\stm32f100ve\digital.h
hint: 18	1354	 warning: No space between macro name "GPIOB_ODR" and repl-text     #define GPIOB_ODR.B6 _sUMM7     from D:/job/Project_silos/mcprogramm/STM32F100VE/MyProject.c: 1:    #include "Digital.h"	d:\job\project_silos\mcprogramm\stm32f100ve\digital.h
hint: 18	1354	 warning: The macro is redefined     #define GPIOB_ODR.B6 _sUMM7     from D:/job/Project_silos/mcprogramm/STM32F100VE/MyProject.c: 1:    #include "Digital.h"     previously macro "GPIOB_ODR" defined as: #define GPIOB_ODR  .B5 _sUMM6 	d:\job\project_silos\mcprogramm\stm32f100ve\digital.h
hint: 19	1354	 warning: No space between macro name "GPIOB_ODR" and repl-text     #define GPIOB_ODR.B7 _sUMM8     from D:/job/Project_silos/mcprogramm/STM32F100VE/MyProject.c: 1:    #include "Digital.h"	d:\job\project_silos\mcprogramm\stm32f100ve\digital.h
hint: 19	1354	 warning: The macro is redefined     #define GPIOB_ODR.B7 _sUMM8     from D:/job/Project_silos/mcprogramm/STM32F100VE/MyProject.c: 1:    #include "Digital.h"     previously macro "GPIOB_ODR" defined as: #define GPIOB_ODR  .B6 _sUMM7 	d:\job\project_silos\mcprogramm\stm32f100ve\digital.h
hint: 20	1354	 warning: No space between macro name "GPIOB_ODR" and repl-text     #define GPIOB_ODR.B8 _sUMM9F     from D:/job/Project_silos/mcprogramm/STM32F100VE/MyProject.c: 1:    #include "Digital.h"	d:\job\project_silos\mcprogramm\stm32f100ve\digital.h
hint: 20	1354	 warning: The macro is redefined     #define GPIOB_ODR.B8 _sUMM9F     from D:/job/Project_silos/mcprogramm/STM32F100VE/MyProject.c: 1:    #include "Digital.h"     previously macro "GPIOB_ODR" defined as: #define GPIOB_ODR  .B7 _sUMM8 	d:\job\project_silos\mcprogramm\stm32f100ve\digital.h
hint: 21	1354	 warning: No space between macro name "GPIOB_ODR" and repl-text     #define GPIOB_ODR.B9 _sUMM9R     from D:/job/Project_silos/mcprogramm/STM32F100VE/MyProject.c: 1:    #include "Digital.h"	d:\job\project_silos\mcprogramm\stm32f100ve\digital.h
hint: 21	1354	 warning: The macro is redefined     #define GPIOB_ODR.B9 _sUMM9R     from D:/job/Project_silos/mcprogramm/STM32F100VE/MyProject.c: 1:    #include "Digital.h"     previously macro "GPIOB_ODR" defined as: #define GPIOB_ODR  .B8 _sUMM9F 	d:\job\project_silos\mcprogramm\stm32f100ve\digital.h
hint: 22	1354	 warning: No space between macro name "GPIOB_ODR" and repl-text     #define GPIOB_ODR.B10 _silosL1     from D:/job/Project_silos/mcprogramm/STM32F100VE/MyProject.c: 1:    #include "Digital.h"	d:\job\project_silos\mcprogramm\stm32f100ve\digital.h
hint: 22	1354	 warning: The macro is redefined     #define GPIOB_ODR.B10 _silosL1     from D:/job/Project_silos/mcprogramm/STM32F100VE/MyProject.c: 1:    #include "Digital.h"     previously macro "GPIOB_ODR" defined as: #define GPIOB_ODR  .B9 _sUMM9R 	d:\job\project_silos\mcprogramm\stm32f100ve\digital.h
hint: 23	1354	 warning: No space between macro name "GPIOB_ODR" and repl-text     #define GPIOB_ODR.B11 _silosL2     from D:/job/Project_silos/mcprogramm/STM32F100VE/MyProject.c: 1:    #include "Digital.h"	d:\job\project_silos\mcprogramm\stm32f100ve\digital.h
hint: 23	1354	 warning: The macro is redefined     #define GPIOB_ODR.B11 _silosL2     from D:/job/Project_silos/mcprogramm/STM32F100VE/MyProject.c: 1:    #include "Digital.h"     previously macro "GPIOB_ODR" defined as: #define GPIOB_ODR  .B10 _silosL1 	d:\job\project_silos\mcprogramm\stm32f100ve\digital.h
hint: 24	1354	 warning: No space between macro name "GPIOB_ODR" and repl-text     #define GPIOB_ODR.B12 _silosL3     from D:/job/Project_silos/mcprogramm/STM32F100VE/MyProject.c: 1:    #include "Digital.h"	d:\job\project_silos\mcprogramm\stm32f100ve\digital.h
hint: 24	1354	 warning: The macro is redefined     #define GPIOB_ODR.B12 _silosL3     from D:/job/Project_silos/mcprogramm/STM32F100VE/MyProject.c: 1:    #include "Digital.h"     previously macro "GPIOB_ODR" defined as: #define GPIOB_ODR  .B11 _silosL2 	d:\job\project_silos\mcprogramm\stm32f100ve\digital.h
hint: 25	1354	 warning: No space between macro name "GPIOB_ODR" and repl-text     #define GPIOB_ODR.B13 _silosL4     from D:/job/Project_silos/mcprogramm/STM32F100VE/MyProject.c: 1:    #include "Digital.h"	d:\job\project_silos\mcprogramm\stm32f100ve\digital.h
hint: 25	1354	 warning: The macro is redefined     #define GPIOB_ODR.B13 _silosL4     from D:/job/Project_silos/mcprogramm/STM32F100VE/MyProject.c: 1:    #include "Digital.h"     previously macro "GPIOB_ODR" defined as: #define GPIOB_ODR  .B12 _silosL3 	d:\job\project_silos\mcprogramm\stm32f100ve\digital.h
hint: 26	1354	 warning: No space between macro name "GPIOB_ODR" and repl-text     #define GPIOB_ODR.B14 _silosL5     from D:/job/Project_silos/mcprogramm/STM32F100VE/MyProject.c: 1:    #include "Digital.h"	d:\job\project_silos\mcprogramm\stm32f100ve\digital.h
hint: 26	1354	 warning: The macro is redefined     #define GPIOB_ODR.B14 _silosL5     from D:/job/Project_silos/mcprogramm/STM32F100VE/MyProject.c: 1:    #include "Digital.h"     previously macro "GPIOB_ODR" defined as: #define GPIOB_ODR  .B13 _silosL4 	d:\job\project_silos\mcprogramm\stm32f100ve\digital.h
hint: 27	1354	 warning: No space between macro name "GPIOB_ODR" and repl-text     #define GPIOB_ODR.B15 _boilerLLOW     from D:/job/Project_silos/mcprogramm/STM32F100VE/MyProject.c: 1:    #include "Digital.h"	d:\job\project_silos\mcprogramm\stm32f100ve\digital.h
hint: 27	1354	 warning: The macro is redefined     #define GPIOB_ODR.B15 _boilerLLOW     from D:/job/Project_silos/mcprogramm/STM32F100VE/MyProject.c: 1:    #include "Digital.h"     previously macro "GPIOB_ODR" defined as: #define GPIOB_ODR  .B14 _silosL5 	d:\job\project_silos\mcprogramm\stm32f100ve\digital.h
hint: 29	1354	 warning: No space between macro name "GPIOC_ODR" and repl-text     #define GPIOC_ODR.B0 _boilerLHIGH     from D:/job/Project_silos/mcprogramm/STM32F100VE/MyProject.c: 1:    #include "Digital.h"	d:\job\project_silos\mcprogramm\stm32f100ve\digital.h
hint: 30	1354	 warning: No space between macro name "GPIOC_ODR" and repl-text     #define GPIOC_ODR.B1 _pilletLLOW     from D:/job/Project_silos/mcprogramm/STM32F100VE/MyProject.c: 1:    #include "Digital.h"	d:\job\project_silos\mcprogramm\stm32f100ve\digital.h
hint: 30	1354	 warning: The macro is redefined     #define GPIOC_ODR.B1 _pilletLLOW     from D:/job/Project_silos/mcprogramm/STM32F100VE/MyProject.c: 1:    #include "Digital.h"     previously macro "GPIOC_ODR" defined as: #define GPIOC_ODR  .B0 _boilerLHIGH 	d:\job\project_silos\mcprogramm\stm32f100ve\digital.h
hint: 31	1354	 warning: No space between macro name "GPIOC_ODR" and repl-text     #define GPIOC_ODR.B2 _pilletLHIGH     from D:/job/Project_silos/mcprogramm/STM32F100VE/MyProject.c: 1:    #include "Digital.h"	d:\job\project_silos\mcprogramm\stm32f100ve\digital.h
hint: 31	1354	 warning: The macro is redefined     #define GPIOC_ODR.B2 _pilletLHIGH     from D:/job/Project_silos/mcprogramm/STM32F100VE/MyProject.c: 1:    #include "Digital.h"     previously macro "GPIOC_ODR" defined as: #define GPIOC_ODR  .B1 _pilletLLOW 	d:\job\project_silos\mcprogramm\stm32f100ve\digital.h
hint: 32	1354	 warning: No space between macro name "GPIOC_ODR" and repl-text     #define GPIOC_ODR.B3 _thermalM1     from D:/job/Project_silos/mcprogramm/STM32F100VE/MyProject.c: 1:    #include "Digital.h"	d:\job\project_silos\mcprogramm\stm32f100ve\digital.h
hint: 32	1354	 warning: The macro is redefined     #define GPIOC_ODR.B3 _thermalM1     from D:/job/Project_silos/mcprogramm/STM32F100VE/MyProject.c: 1:    #include "Digital.h"     previously macro "GPIOC_ODR" defined as: #define GPIOC_ODR  .B2 _pilletLHIGH 	d:\job\project_silos\mcprogramm\stm32f100ve\digital.h
hint: 33	1354	 warning: No space between macro name "GPIOC_ODR" and repl-text     #define GPIOC_ODR.B4 _thermalM2     from D:/job/Project_silos/mcprogramm/STM32F100VE/MyProject.c: 1:    #include "Digital.h"	d:\job\project_silos\mcprogramm\stm32f100ve\digital.h
hint: 33	1354	 warning: The macro is redefined     #define GPIOC_ODR.B4 _thermalM2     from D:/job/Project_silos/mcprogramm/STM32F100VE/MyProject.c: 1:    #include "Digital.h"     previously macro "GPIOC_ODR" defined as: #define GPIOC_ODR  .B3 _thermalM1 	d:\job\project_silos\mcprogramm\stm32f100ve\digital.h
hint: 34	1354	 warning: No space between macro name "GPIOC_ODR" and repl-text     #define GPIOC_ODR.B5 _thermalM3     from D:/job/Project_silos/mcprogramm/STM32F100VE/MyProject.c: 1:    #include "Digital.h"	d:\job\project_silos\mcprogramm\stm32f100ve\digital.h
hint: 34	1354	 warning: The macro is redefined     #define GPIOC_ODR.B5 _thermalM3     from D:/job/Project_silos/mcprogramm/STM32F100VE/MyProject.c: 1:    #include "Digital.h"     previously macro "GPIOC_ODR" defined as: #define GPIOC_ODR  .B4 _thermalM2 	d:\job\project_silos\mcprogramm\stm32f100ve\digital.h
hint: 35	1354	 warning: No space between macro name "GPIOC_ODR" and repl-text     #define GPIOC_ODR.B6 _thermalM4     from D:/job/Project_silos/mcprogramm/STM32F100VE/MyProject.c: 1:    #include "Digital.h"	d:\job\project_silos\mcprogramm\stm32f100ve\digital.h
hint: 35	1354	 warning: The macro is redefined     #define GPIOC_ODR.B6 _thermalM4     from D:/job/Project_silos/mcprogramm/STM32F100VE/MyProject.c: 1:    #include "Digital.h"     previously macro "GPIOC_ODR" defined as: #define GPIOC_ODR  .B5 _thermalM3 	d:\job\project_silos\mcprogramm\stm32f100ve\digital.h
hint: 36	1354	 warning: No space between macro name "GPIOC_ODR" and repl-text     #define GPIOC_ODR.B7 _thermalM5     from D:/job/Project_silos/mcprogramm/STM32F100VE/MyProject.c: 1:    #include "Digital.h"	d:\job\project_silos\mcprogramm\stm32f100ve\digital.h
hint: 36	1354	 warning: The macro is redefined     #define GPIOC_ODR.B7 _thermalM5     from D:/job/Project_silos/mcprogramm/STM32F100VE/MyProject.c: 1:    #include "Digital.h"     previously macro "GPIOC_ODR" defined as: #define GPIOC_ODR  .B6 _thermalM4 	d:\job\project_silos\mcprogramm\stm32f100ve\digital.h
hint: 37	1354	 warning: No space between macro name "GPIOC_ODR" and repl-text     #define GPIOC_ODR.B8 _thermalM6     from D:/job/Project_silos/mcprogramm/STM32F100VE/MyProject.c: 1:    #include "Digital.h"	d:\job\project_silos\mcprogramm\stm32f100ve\digital.h
hint: 37	1354	 warning: The macro is redefined     #define GPIOC_ODR.B8 _thermalM6     from D:/job/Project_silos/mcprogramm/STM32F100VE/MyProject.c: 1:    #include "Digital.h"     previously macro "GPIOC_ODR" defined as: #define GPIOC_ODR  .B7 _thermalM5 	d:\job\project_silos\mcprogramm\stm32f100ve\digital.h
hint: 38	1354	 warning: No space between macro name "GPIOC_ODR" and repl-text     #define GPIOC_ODR.B9 _thermalM7     from D:/job/Project_silos/mcprogramm/STM32F100VE/MyProject.c: 1:    #include "Digital.h"	d:\job\project_silos\mcprogramm\stm32f100ve\digital.h
hint: 38	1354	 warning: The macro is redefined     #define GPIOC_ODR.B9 _thermalM7     from D:/job/Project_silos/mcprogramm/STM32F100VE/MyProject.c: 1:    #include "Digital.h"     previously macro "GPIOC_ODR" defined as: #define GPIOC_ODR  .B8 _thermalM6 	d:\job\project_silos\mcprogramm\stm32f100ve\digital.h
hint: 39	1354	 warning: No space between macro name "GPIOC_ODR" and repl-text     #define GPIOC_ODR.B10 _thermalM8     from D:/job/Project_silos/mcprogramm/STM32F100VE/MyProject.c: 1:    #include "Digital.h"	d:\job\project_silos\mcprogramm\stm32f100ve\digital.h
hint: 39	1354	 warning: The macro is redefined     #define GPIOC_ODR.B10 _thermalM8     from D:/job/Project_silos/mcprogramm/STM32F100VE/MyProject.c: 1:    #include "Digital.h"     previously macro "GPIOC_ODR" defined as: #define GPIOC_ODR  .B9 _thermalM7 	d:\job\project_silos\mcprogramm\stm32f100ve\digital.h
hint: 40	1354	 warning: No space between macro name "GPIOC_ODR" and repl-text     #define GPIOC_ODR.B11 _thermalM9     from D:/job/Project_silos/mcprogramm/STM32F100VE/MyProject.c: 1:    #include "Digital.h"	d:\job\project_silos\mcprogramm\stm32f100ve\digital.h
hint: 40	1354	 warning: The macro is redefined     #define GPIOC_ODR.B11 _thermalM9     from D:/job/Project_silos/mcprogramm/STM32F100VE/MyProject.c: 1:    #include "Digital.h"     previously macro "GPIOC_ODR" defined as: #define GPIOC_ODR  .B10 _thermalM8 	d:\job\project_silos\mcprogramm\stm32f100ve\digital.h
hint: 41	1354	 warning: No space between macro name "GPIOC_ODR" and repl-text     #define GPIOC_ODR.B12 _thermalM10     from D:/job/Project_silos/mcprogramm/STM32F100VE/MyProject.c: 1:    #include "Digital.h"	d:\job\project_silos\mcprogramm\stm32f100ve\digital.h
hint: 41	1354	 warning: The macro is redefined     #define GPIOC_ODR.B12 _thermalM10     from D:/job/Project_silos/mcprogramm/STM32F100VE/MyProject.c: 1:    #include "Digital.h"     previously macro "GPIOC_ODR" defined as: #define GPIOC_ODR  .B11 _thermalM9 	d:\job\project_silos\mcprogramm\stm32f100ve\digital.h
hint: 42	1354	 warning: No space between macro name "GPIOC_ODR" and repl-text     #define GPIOC_ODR.B13 _thermalM11     from D:/job/Project_silos/mcprogramm/STM32F100VE/MyProject.c: 1:    #include "Digital.h"	d:\job\project_silos\mcprogramm\stm32f100ve\digital.h
hint: 42	1354	 warning: The macro is redefined     #define GPIOC_ODR.B13 _thermalM11     from D:/job/Project_silos/mcprogramm/STM32F100VE/MyProject.c: 1:    #include "Digital.h"     previously macro "GPIOC_ODR" defined as: #define GPIOC_ODR  .B12 _thermalM10 	d:\job\project_silos\mcprogramm\stm32f100ve\digital.h
hint: 43	1354	 warning: No space between macro name "GPIOC_ODR" and repl-text     #define GPIOC_ODR.B14 _thermalM12     from D:/job/Project_silos/mcprogramm/STM32F100VE/MyProject.c: 1:    #include "Digital.h"	d:\job\project_silos\mcprogramm\stm32f100ve\digital.h
hint: 43	1354	 warning: The macro is redefined     #define GPIOC_ODR.B14 _thermalM12     from D:/job/Project_silos/mcprogramm/STM32F100VE/MyProject.c: 1:    #include "Digital.h"     previously macro "GPIOC_ODR" defined as: #define GPIOC_ODR  .B13 _thermalM11 	d:\job\project_silos\mcprogramm\stm32f100ve\digital.h
hint: 44	1354	 warning: No space between macro name "GPIOC_ODR" and repl-text     #define GPIOC_ODR.B15 _vibratorSignal     from D:/job/Project_silos/mcprogramm/STM32F100VE/MyProject.c: 1:    #include "Digital.h"	d:\job\project_silos\mcprogramm\stm32f100ve\digital.h
hint: 44	1354	 warning: The macro is redefined     #define GPIOC_ODR.B15 _vibratorSignal     from D:/job/Project_silos/mcprogramm/STM32F100VE/MyProject.c: 1:    #include "Digital.h"     previously macro "GPIOC_ODR" defined as: #define GPIOC_ODR  .B14 _thermalM12 	d:\job\project_silos\mcprogramm\stm32f100ve\digital.h
hint: 46	1354	 warning: No space between macro name "GPIOD_ODR" and repl-text     #define GPIOD_ODR.B0 _gotvaldSignalSwtchM1     from D:/job/Project_silos/mcprogramm/STM32F100VE/MyProject.c: 1:    #include "Digital.h"	d:\job\project_silos\mcprogramm\stm32f100ve\digital.h
hint: 47	1354	 warning: No space between macro name "GPIOD_ODR" and repl-text     #define GPIOD_ODR.B1 _gotvaldSignalDoor     from D:/job/Project_silos/mcprogramm/STM32F100VE/MyProject.c: 1:    #include "Digital.h"	d:\job\project_silos\mcprogramm\stm32f100ve\digital.h
hint: 47	1354	 warning: The macro is redefined     #define GPIOD_ODR.B1 _gotvaldSignalDoor     from D:/job/Project_silos/mcprogramm/STM32F100VE/MyProject.c: 1:    #include "Digital.h"     previously macro "GPIOD_ODR" defined as: #define GPIOD_ODR  .B0 _gotvaldSignalSwtchM1 	d:\job\project_silos\mcprogramm\stm32f100ve\digital.h
hint: 48	1354	 warning: No space between macro name "GPIOD_ODR" and repl-text     #define GPIOD_ODR.B2 _autoBoilerBasic     from D:/job/Project_silos/mcprogramm/STM32F100VE/MyProject.c: 1:    #include "Digital.h"	d:\job\project_silos\mcprogramm\stm32f100ve\digital.h
hint: 48	1354	 warning: The macro is redefined     #define GPIOD_ODR.B2 _autoBoilerBasic     from D:/job/Project_silos/mcprogramm/STM32F100VE/MyProject.c: 1:    #include "Digital.h"     previously macro "GPIOD_ODR" defined as: #define GPIOD_ODR  .B1 _gotvaldSignalDoor 	d:\job\project_silos\mcprogramm\stm32f100ve\digital.h
hint: 49	1354	 warning: No space between macro name "GPIOD_ODR" and repl-text     #define GPIOD_ODR.B3 _autoBoilerReserv     from D:/job/Project_silos/mcprogramm/STM32F100VE/MyProject.c: 1:    #include "Digital.h"	d:\job\project_silos\mcprogramm\stm32f100ve\digital.h
hint: 49	1354	 warning: The macro is redefined     #define GPIOD_ODR.B3 _autoBoilerReserv     from D:/job/Project_silos/mcprogramm/STM32F100VE/MyProject.c: 1:    #include "Digital.h"     previously macro "GPIOD_ODR" defined as: #define GPIOD_ODR  .B2 _autoBoilerBasic 	d:\job\project_silos\mcprogramm\stm32f100ve\digital.h
hint: 50	1354	 warning: No space between macro name "GPIOD_ODR" and repl-text     #define GPIOD_ODR.B4 _autoPilletBasic     from D:/job/Project_silos/mcprogramm/STM32F100VE/MyProject.c: 1:    #include "Digital.h"	d:\job\project_silos\mcprogramm\stm32f100ve\digital.h
hint: 50	1354	 warning: The macro is redefined     #define GPIOD_ODR.B4 _autoPilletBasic     from D:/job/Project_silos/mcprogramm/STM32F100VE/MyProject.c: 1:    #include "Digital.h"     previously macro "GPIOD_ODR" defined as: #define GPIOD_ODR  .B3 _autoBoilerReserv 	d:\job\project_silos\mcprogramm\stm32f100ve\digital.h
hint: 51	1354	 warning: No space between macro name "GPIOD_ODR" and repl-text     #define GPIOD_ODR.B5 _autoPilletReserv     from D:/job/Project_silos/mcprogramm/STM32F100VE/MyProject.c: 1:    #include "Digital.h"	d:\job\project_silos\mcprogramm\stm32f100ve\digital.h
hint: 51	1354	 warning: The macro is redefined     #define GPIOD_ODR.B5 _autoPilletReserv     from D:/job/Project_silos/mcprogramm/STM32F100VE/MyProject.c: 1:    #include "Digital.h"     previously macro "GPIOD_ODR" defined as: #define GPIOD_ODR  .B4 _autoPilletBasic 	d:\job\project_silos\mcprogramm\stm32f100ve\digital.h
hint: 53	1354	 warning: No space between macro name "GPIOD_ODR" and repl-text     #define GPIOD_ODR.B6 _lampSTOP     from D:/job/Project_silos/mcprogramm/STM32F100VE/MyProject.c: 1:    #include "Digital.h"	d:\job\project_silos\mcprogramm\stm32f100ve\digital.h
hint: 53	1354	 warning: The macro is redefined     #define GPIOD_ODR.B6 _lampSTOP     from D:/job/Project_silos/mcprogramm/STM32F100VE/MyProject.c: 1:    #include "Digital.h"     previously macro "GPIOD_ODR" defined as: #define GPIOD_ODR  .B5 _autoPilletReserv 	d:\job\project_silos\mcprogramm\stm32f100ve\digital.h
hint: 54	1354	 warning: No space between macro name "GPIOD_ODR" and repl-text     #define GPIOD_ODR.B7 _playM1     from D:/job/Project_silos/mcprogramm/STM32F100VE/MyProject.c: 1:    #include "Digital.h"	d:\job\project_silos\mcprogramm\stm32f100ve\digital.h
hint: 54	1354	 warning: The macro is redefined     #define GPIOD_ODR.B7 _playM1     from D:/job/Project_silos/mcprogramm/STM32F100VE/MyProject.c: 1:    #include "Digital.h"     previously macro "GPIOD_ODR" defined as: #define GPIOD_ODR  .B6 _lampSTOP 	d:\job\project_silos\mcprogramm\stm32f100ve\digital.h
hint: 55	1354	 warning: No space between macro name "GPIOD_ODR" and repl-text     #define GPIOD_ODR.B8 _playM2     from D:/job/Project_silos/mcprogramm/STM32F100VE/MyProject.c: 1:    #include "Digital.h"	d:\job\project_silos\mcprogramm\stm32f100ve\digital.h
hint: 55	1354	 warning: The macro is redefined     #define GPIOD_ODR.B8 _playM2     from D:/job/Project_silos/mcprogramm/STM32F100VE/MyProject.c: 1:    #include "Digital.h"     previously macro "GPIOD_ODR" defined as: #define GPIOD_ODR  .B7 _playM1 	d:\job\project_silos\mcprogramm\stm32f100ve\digital.h
hint: 56	1354	 warning: No space between macro name "GPIOD_ODR" and repl-text     #define GPIOD_ODR.B9 _playM3     from D:/job/Project_silos/mcprogramm/STM32F100VE/MyProject.c: 1:    #include "Digital.h"	d:\job\project_silos\mcprogramm\stm32f100ve\digital.h
hint: 56	1354	 warning: The macro is redefined     #define GPIOD_ODR.B9 _playM3     from D:/job/Project_silos/mcprogramm/STM32F100VE/MyProject.c: 1:    #include "Digital.h"     previously macro "GPIOD_ODR" defined as: #define GPIOD_ODR  .B8 _playM2 	d:\job\project_silos\mcprogramm\stm32f100ve\digital.h
hint: 57	1354	 warning: No space between macro name "GPIOD_ODR" and repl-text     #define GPIOD_ODR.B10 _playM4     from D:/job/Project_silos/mcprogramm/STM32F100VE/MyProject.c: 1:    #include "Digital.h"	d:\job\project_silos\mcprogramm\stm32f100ve\digital.h
hint: 57	1354	 warning: The macro is redefined     #define GPIOD_ODR.B10 _playM4     from D:/job/Project_silos/mcprogramm/STM32F100VE/MyProject.c: 1:    #include "Digital.h"     previously macro "GPIOD_ODR" defined as: #define GPIOD_ODR  .B9 _playM3 	d:\job\project_silos\mcprogramm\stm32f100ve\digital.h
hint: 58	1354	 warning: No space between macro name "GPIOD_ODR" and repl-text     #define GPIOD_ODR.B11 _playM5     from D:/job/Project_silos/mcprogramm/STM32F100VE/MyProject.c: 1:    #include "Digital.h"	d:\job\project_silos\mcprogramm\stm32f100ve\digital.h
hint: 58	1354	 warning: The macro is redefined     #define GPIOD_ODR.B11 _playM5     from D:/job/Project_silos/mcprogramm/STM32F100VE/MyProject.c: 1:    #include "Digital.h"     previously macro "GPIOD_ODR" defined as: #define GPIOD_ODR  .B10 _playM4 	d:\job\project_silos\mcprogramm\stm32f100ve\digital.h
hint: 59	1354	 warning: No space between macro name "GPIOD_ODR" and repl-text     #define GPIOD_ODR.B12 _playM6     from D:/job/Project_silos/mcprogramm/STM32F100VE/MyProject.c: 1:    #include "Digital.h"	d:\job\project_silos\mcprogramm\stm32f100ve\digital.h
hint: 59	1354	 warning: The macro is redefined     #define GPIOD_ODR.B12 _playM6     from D:/job/Project_silos/mcprogramm/STM32F100VE/MyProject.c: 1:    #include "Digital.h"     previously macro "GPIOD_ODR" defined as: #define GPIOD_ODR  .B11 _playM5 	d:\job\project_silos\mcprogramm\stm32f100ve\digital.h
hint: 60	1354	 warning: No space between macro name "GPIOD_ODR" and repl-text     #define GPIOD_ODR.B13 _playM7     from D:/job/Project_silos/mcprogramm/STM32F100VE/MyProject.c: 1:    #include "Digital.h"	d:\job\project_silos\mcprogramm\stm32f100ve\digital.h
hint: 60	1354	 warning: The macro is redefined     #define GPIOD_ODR.B13 _playM7     from D:/job/Project_silos/mcprogramm/STM32F100VE/MyProject.c: 1:    #include "Digital.h"     previously macro "GPIOD_ODR" defined as: #define GPIOD_ODR  .B12 _playM6 	d:\job\project_silos\mcprogramm\stm32f100ve\digital.h
hint: 61	1354	 warning: No space between macro name "GPIOD_ODR" and repl-text     #define GPIOD_ODR.B14 _playM8     from D:/job/Project_silos/mcprogramm/STM32F100VE/MyProject.c: 1:    #include "Digital.h"	d:\job\project_silos\mcprogramm\stm32f100ve\digital.h
hint: 61	1354	 warning: The macro is redefined     #define GPIOD_ODR.B14 _playM8     from D:/job/Project_silos/mcprogramm/STM32F100VE/MyProject.c: 1:    #include "Digital.h"     previously macro "GPIOD_ODR" defined as: #define GPIOD_ODR  .B13 _playM7 	d:\job\project_silos\mcprogramm\stm32f100ve\digital.h
hint: 62	1354	 warning: No space between macro name "GPIOD_ODR" and repl-text     #define GPIOD_ODR.B15 _playM9F     from D:/job/Project_silos/mcprogramm/STM32F100VE/MyProject.c: 1:    #include "Digital.h"	d:\job\project_silos\mcprogramm\stm32f100ve\digital.h
hint: 62	1354	 warning: The macro is redefined     #define GPIOD_ODR.B15 _playM9F     from D:/job/Project_silos/mcprogramm/STM32F100VE/MyProject.c: 1:    #include "Digital.h"     previously macro "GPIOD_ODR" defined as: #define GPIOD_ODR  .B14 _playM8 	d:\job\project_silos\mcprogramm\stm32f100ve\digital.h
hint: 64	1354	 warning: No space between macro name "GPIOE_ODR" and repl-text     #define GPIOE_ODR.B0 _playM9R     from D:/job/Project_silos/mcprogramm/STM32F100VE/MyProject.c: 1:    #include "Digital.h"	d:\job\project_silos\mcprogramm\stm32f100ve\digital.h
hint: 65	1354	 warning: No space between macro name "GPIOE_ODR" and repl-text     #define GPIOE_ODR.B1 _playM10     from D:/job/Project_silos/mcprogramm/STM32F100VE/MyProject.c: 1:    #include "Digital.h"	d:\job\project_silos\mcprogramm\stm32f100ve\digital.h
hint: 65	1354	 warning: The macro is redefined     #define GPIOE_ODR.B1 _playM10     from D:/job/Project_silos/mcprogramm/STM32F100VE/MyProject.c: 1:    #include "Digital.h"     previously macro "GPIOE_ODR" defined as: #define GPIOE_ODR  .B0 _playM9R 	d:\job\project_silos\mcprogramm\stm32f100ve\digital.h
hint: 66	1354	 warning: No space between macro name "GPIOE_ODR" and repl-text     #define GPIOE_ODR.B2 _playM11     from D:/job/Project_silos/mcprogramm/STM32F100VE/MyProject.c: 1:    #include "Digital.h"	d:\job\project_silos\mcprogramm\stm32f100ve\digital.h
hint: 66	1354	 warning: The macro is redefined     #define GPIOE_ODR.B2 _playM11     from D:/job/Project_silos/mcprogramm/STM32F100VE/MyProject.c: 1:    #include "Digital.h"     previously macro "GPIOE_ODR" defined as: #define GPIOE_ODR  .B1 _playM10 	d:\job\project_silos\mcprogramm\stm32f100ve\digital.h
hint: 67	1354	 warning: No space between macro name "GPIOE_ODR" and repl-text     #define GPIOE_ODR.B3 _playM12     from D:/job/Project_silos/mcprogramm/STM32F100VE/MyProject.c: 1:    #include "Digital.h"	d:\job\project_silos\mcprogramm\stm32f100ve\digital.h
hint: 67	1354	 warning: The macro is redefined     #define GPIOE_ODR.B3 _playM12     from D:/job/Project_silos/mcprogramm/STM32F100VE/MyProject.c: 1:    #include "Digital.h"     previously macro "GPIOE_ODR" defined as: #define GPIOE_ODR  .B2 _playM11 	d:\job\project_silos\mcprogramm\stm32f100ve\digital.h
hint: 68	1354	 warning: No space between macro name "GPIOE_ODR" and repl-text     #define GPIOE_ODR.B4 _lampM1     from D:/job/Project_silos/mcprogramm/STM32F100VE/MyProject.c: 1:    #include "Digital.h"	d:\job\project_silos\mcprogramm\stm32f100ve\digital.h
hint: 68	1354	 warning: The macro is redefined     #define GPIOE_ODR.B4 _lampM1     from D:/job/Project_silos/mcprogramm/STM32F100VE/MyProject.c: 1:    #include "Digital.h"     previously macro "GPIOE_ODR" defined as: #define GPIOE_ODR  .B3 _playM12 	d:\job\project_silos\mcprogramm\stm32f100ve\digital.h
hint: 69	1354	 warning: No space between macro name "GPIOE_ODR" and repl-text     #define GPIOE_ODR.B5 _lampM2     from D:/job/Project_silos/mcprogramm/STM32F100VE/MyProject.c: 1:    #include "Digital.h"	d:\job\project_silos\mcprogramm\stm32f100ve\digital.h
hint: 69	1354	 warning: The macro is redefined     #define GPIOE_ODR.B5 _lampM2     from D:/job/Project_silos/mcprogramm/STM32F100VE/MyProject.c: 1:    #include "Digital.h"     previously macro "GPIOE_ODR" defined as: #define GPIOE_ODR  .B4 _lampM1 	d:\job\project_silos\mcprogramm\stm32f100ve\digital.h
hint: 70	1354	 warning: No space between macro name "GPIOE_ODR" and repl-text     #define GPIOE_ODR.B6 _lampM3     from D:/job/Project_silos/mcprogramm/STM32F100VE/MyProject.c: 1:    #include "Digital.h"	d:\job\project_silos\mcprogramm\stm32f100ve\digital.h
hint: 70	1354	 warning: The macro is redefined     #define GPIOE_ODR.B6 _lampM3     from D:/job/Project_silos/mcprogramm/STM32F100VE/MyProject.c: 1:    #include "Digital.h"     previously macro "GPIOE_ODR" defined as: #define GPIOE_ODR  .B5 _lampM2 	d:\job\project_silos\mcprogramm\stm32f100ve\digital.h
hint: 71	1354	 warning: No space between macro name "GPIOE_ODR" and repl-text     #define GPIOE_ODR.B7 _lampM4     from D:/job/Project_silos/mcprogramm/STM32F100VE/MyProject.c: 1:    #include "Digital.h"	d:\job\project_silos\mcprogramm\stm32f100ve\digital.h
hint: 71	1354	 warning: The macro is redefined     #define GPIOE_ODR.B7 _lampM4     from D:/job/Project_silos/mcprogramm/STM32F100VE/MyProject.c: 1:    #include "Digital.h"     previously macro "GPIOE_ODR" defined as: #define GPIOE_ODR  .B6 _lampM3 	d:\job\project_silos\mcprogramm\stm32f100ve\digital.h
hint: 72	1354	 warning: No space between macro name "GPIOE_ODR" and repl-text     #define GPIOE_ODR.B8 _lampM5     from D:/job/Project_silos/mcprogramm/STM32F100VE/MyProject.c: 1:    #include "Digital.h"	d:\job\project_silos\mcprogramm\stm32f100ve\digital.h
hint: 72	1354	 warning: The macro is redefined     #define GPIOE_ODR.B8 _lampM5     from D:/job/Project_silos/mcprogramm/STM32F100VE/MyProject.c: 1:    #include "Digital.h"     previously macro "GPIOE_ODR" defined as: #define GPIOE_ODR  .B7 _lampM4 	d:\job\project_silos\mcprogramm\stm32f100ve\digital.h
hint: 73	1354	 warning: No space between macro name "GPIOE_ODR" and repl-text     #define GPIOE_ODR.B9 _lampM6     from D:/job/Project_silos/mcprogramm/STM32F100VE/MyProject.c: 1:    #include "Digital.h"	d:\job\project_silos\mcprogramm\stm32f100ve\digital.h
hint: 73	1354	 warning: The macro is redefined     #define GPIOE_ODR.B9 _lampM6     from D:/job/Project_silos/mcprogramm/STM32F100VE/MyProject.c: 1:    #include "Digital.h"     previously macro "GPIOE_ODR" defined as: #define GPIOE_ODR  .B8 _lampM5 	d:\job\project_silos\mcprogramm\stm32f100ve\digital.h
hint: 74	1354	 warning: No space between macro name "GPIOE_ODR" and repl-text     #define GPIOE_ODR.B10 _lampM7     from D:/job/Project_silos/mcprogramm/STM32F100VE/MyProject.c: 1:    #include "Digital.h"	d:\job\project_silos\mcprogramm\stm32f100ve\digital.h
hint: 74	1354	 warning: The macro is redefined     #define GPIOE_ODR.B10 _lampM7     from D:/job/Project_silos/mcprogramm/STM32F100VE/MyProject.c: 1:    #include "Digital.h"     previously macro "GPIOE_ODR" defined as: #define GPIOE_ODR  .B9 _lampM6 	d:\job\project_silos\mcprogramm\stm32f100ve\digital.h
hint: 75	1354	 warning: No space between macro name "GPIOE_ODR" and repl-text     #define GPIOE_ODR.B11 _lampM8     from D:/job/Project_silos/mcprogramm/STM32F100VE/MyProject.c: 1:    #include "Digital.h"	d:\job\project_silos\mcprogramm\stm32f100ve\digital.h
hint: 75	1354	 warning: The macro is redefined     #define GPIOE_ODR.B11 _lampM8     from D:/job/Project_silos/mcprogramm/STM32F100VE/MyProject.c: 1:    #include "Digital.h"     previously macro "GPIOE_ODR" defined as: #define GPIOE_ODR  .B10 _lampM7 	d:\job\project_silos\mcprogramm\stm32f100ve\digital.h
hint: 76	1354	 warning: No space between macro name "GPIOE_ODR" and repl-text     #define GPIOE_ODR.B12 _lampM9     from D:/job/Project_silos/mcprogramm/STM32F100VE/MyProject.c: 1:    #include "Digital.h"	d:\job\project_silos\mcprogramm\stm32f100ve\digital.h
hint: 76	1354	 warning: The macro is redefined     #define GPIOE_ODR.B12 _lampM9     from D:/job/Project_silos/mcprogramm/STM32F100VE/MyProject.c: 1:    #include "Digital.h"     previously macro "GPIOE_ODR" defined as: #define GPIOE_ODR  .B11 _lampM8 	d:\job\project_silos\mcprogramm\stm32f100ve\digital.h
hint: 77	1354	 warning: No space between macro name "GPIOE_ODR" and repl-text     #define GPIOE_ODR.B13 _lampM10     from D:/job/Project_silos/mcprogramm/STM32F100VE/MyProject.c: 1:    #include "Digital.h"	d:\job\project_silos\mcprogramm\stm32f100ve\digital.h
hint: 77	1354	 warning: The macro is redefined     #define GPIOE_ODR.B13 _lampM10     from D:/job/Project_silos/mcprogramm/STM32F100VE/MyProject.c: 1:    #include "Digital.h"     previously macro "GPIOE_ODR" defined as: #define GPIOE_ODR  .B12 _lampM9 	d:\job\project_silos\mcprogramm\stm32f100ve\digital.h
hint: 78	1354	 warning: No space between macro name "GPIOE_ODR" and repl-text     #define GPIOE_ODR.B14 _lampM11     from D:/job/Project_silos/mcprogramm/STM32F100VE/MyProject.c: 1:    #include "Digital.h"	d:\job\project_silos\mcprogramm\stm32f100ve\digital.h
hint: 78	1354	 warning: The macro is redefined     #define GPIOE_ODR.B14 _lampM11     from D:/job/Project_silos/mcprogramm/STM32F100VE/MyProject.c: 1:    #include "Digital.h"     previously macro "GPIOE_ODR" defined as: #define GPIOE_ODR  .B13 _lampM10 	d:\job\project_silos\mcprogramm\stm32f100ve\digital.h
hint: 79	1354	 warning: No space between macro name "GPIOE_ODR" and repl-text     #define GPIOE_ODR.B15 _lampM12     from D:/job/Project_silos/mcprogramm/STM32F100VE/MyProject.c: 1:    #include "Digital.h"	d:\job\project_silos\mcprogramm\stm32f100ve\digital.h
hint: 79	1354	 warning: The macro is redefined     #define GPIOE_ODR.B15 _lampM12     from D:/job/Project_silos/mcprogramm/STM32F100VE/MyProject.c: 1:    #include "Digital.h"     previously macro "GPIOE_ODR" defined as: #define GPIOE_ODR  .B14 _lampM11 	d:\job\project_silos\mcprogramm\stm32f100ve\digital.h
diagnostics: 0	122	Compilation Started	MyProject.c
error: 100	315	Invalid expression	MyProject.c
error: 100	406	')' expected, but '_buttonM8' found	MyProject.c
error: 100	315	Invalid expression	MyProject.c
error: 100	402	; expected, but 'or' found	MyProject.c
error: 108	424	'}' expected '}' found	MyProject.c
error: 108	424	'}' expected '}' found	MyProject.c
error: 0	102	Finished (with errors): 09 Ãðó 2022, 16:09:58	MyProject.mcpar
